0 info it worked if it ends with ok
1 verbose cli [ '/usr/local/bin/node', '/usr/local/bin/npm', 'install' ]
2 info using npm@1.4.28
3 info using node@v0.10.35
4 warn package.json MongoDBSample@0.1.0 No repository field.
5 verbose readDependencies using package.json deps
6 verbose install where, deps [ '/home/chotom/app/workspace2/MongoDBSample', [ 'mongose' ] ]
7 info preinstall MongoDBSample@0.1.0
8 verbose readDependencies using package.json deps
9 verbose cache add [ 'mongose@*', null ]
10 verbose cache add name=undefined spec="mongose@*" args=["mongose@*",null]
11 verbose parsed url { protocol: null,
11 verbose parsed url   slashes: null,
11 verbose parsed url   auth: null,
11 verbose parsed url   host: null,
11 verbose parsed url   port: null,
11 verbose parsed url   hostname: null,
11 verbose parsed url   hash: null,
11 verbose parsed url   search: null,
11 verbose parsed url   query: null,
11 verbose parsed url   pathname: 'mongose@*',
11 verbose parsed url   path: 'mongose@*',
11 verbose parsed url   href: 'mongose@*' }
12 verbose cache add name="mongose" spec="*" args=["mongose","*"]
13 verbose parsed url { protocol: null,
13 verbose parsed url   slashes: null,
13 verbose parsed url   auth: null,
13 verbose parsed url   host: null,
13 verbose parsed url   port: null,
13 verbose parsed url   hostname: null,
13 verbose parsed url   hash: null,
13 verbose parsed url   search: null,
13 verbose parsed url   query: null,
13 verbose parsed url   pathname: '*',
13 verbose parsed url   path: '*',
13 verbose parsed url   href: '*' }
14 verbose addNamed [ 'mongose', '*' ]
15 verbose addNamed [ null, '*' ]
16 silly lockFile 6eaadc7c-mongose mongose@*
17 verbose lock mongose@* /home/chotom/.npm/6eaadc7c-mongose.lock
18 silly addNameRange { name: 'mongose', range: '*', hasData: false }
19 verbose request where is /mongose
20 verbose request registry https://registry.npmjs.org/
21 verbose request id 201fcec22a001d35
22 verbose url raw /mongose
23 verbose url resolving [ 'https://registry.npmjs.org/', './mongose' ]
24 verbose url resolved https://registry.npmjs.org/mongose
25 verbose request where is https://registry.npmjs.org/mongose
26 info trying registry request attempt 1 at 21:13:15
27 http GET https://registry.npmjs.org/mongose
28 http 404 https://registry.npmjs.org/mongose
29 verbose headers { date: 'Sat, 07 Feb 2015 12:13:57 GMT',
29 verbose headers   server: 'CouchDB/1.5.0 (Erlang OTP/R16B03)',
29 verbose headers   'content-type': 'application/json',
29 verbose headers   'cache-control': 'max-age=0',
29 verbose headers   'content-length': '52',
29 verbose headers   'accept-ranges': 'bytes',
29 verbose headers   via: '1.1 varnish',
29 verbose headers   age: '0',
29 verbose headers   'x-served-by': 'cache-ty67-TYO',
29 verbose headers   'x-cache': 'MISS',
29 verbose headers   'x-cache-hits': '0',
29 verbose headers   'x-timer': 'S1423311237.528091,VS0,VE127',
29 verbose headers   'keep-alive': 'timeout=10, max=50',
29 verbose headers   connection: 'Keep-Alive' }
30 silly registry.get cb [ 404,
30 silly registry.get   { date: 'Sat, 07 Feb 2015 12:13:57 GMT',
30 silly registry.get     server: 'CouchDB/1.5.0 (Erlang OTP/R16B03)',
30 silly registry.get     'content-type': 'application/json',
30 silly registry.get     'cache-control': 'max-age=0',
30 silly registry.get     'content-length': '52',
30 silly registry.get     'accept-ranges': 'bytes',
30 silly registry.get     via: '1.1 varnish',
30 silly registry.get     age: '0',
30 silly registry.get     'x-served-by': 'cache-ty67-TYO',
30 silly registry.get     'x-cache': 'MISS',
30 silly registry.get     'x-cache-hits': '0',
30 silly registry.get     'x-timer': 'S1423311237.528091,VS0,VE127',
30 silly registry.get     'keep-alive': 'timeout=10, max=50',
30 silly registry.get     connection: 'Keep-Alive' } ]
31 silly lockFile 6eaadc7c-mongose mongose@*
32 silly lockFile 6eaadc7c-mongose mongose@*
33 error 404 404 Not Found: mongose
33 error 404
33 error 404 'mongose' is not in the npm registry.
33 error 404 You should bug the author to publish it
33 error 404 It was specified as a dependency of 'MongoDBSample'
33 error 404
33 error 404 Note that you can also install from a
33 error 404 tarball, folder, or http url, or git url.
34 error System Linux 3.8.13-55.1.5.el6uek.x86_64
35 error command "/usr/local/bin/node" "/usr/local/bin/npm" "install"
36 error cwd /home/chotom/app/workspace2/MongoDBSample
37 error node -v v0.10.35
38 error npm -v 1.4.28
39 error code E404
40 verbose exit [ 1, true ]
